[30/Mar/2022:23:37:15] (I): WordPress Instance Info:
[30/Mar/2022:23:37:15] (I): Home URL : http://localhost/wordpress
[30/Mar/2022:23:37:15] (I): Site URL : http://localhost/wordpress
[30/Mar/2022:23:37:15] (I): WordPress Version : 5.9.2
[30/Mar/2022:23:37:15] (I): Onboarding Version : 1.1.21
[30/Mar/2022:23:37:15] (I): Multisite : No
[30/Mar/2022:23:37:15] (I): Server Info : Apache/2.4.48 (Win64) OpenSSL/1.1.1k PHP/8.0.8
[30/Mar/2022:23:37:15] (I): PHP Version : 8.0.8
[30/Mar/2022:23:37:15] (I): HTTPS : No
[30/Mar/2022:23:37:15] (I): PHP Max Execution Time : 120
[30/Mar/2022:23:37:15] (I): PHP Max Input Vars : 1000
[30/Mar/2022:23:37:15] (I): Max Upload Size : 41943040
[30/Mar/2022:23:37:15] (I): Plugins:
[30/Mar/2022:23:37:15] (I): [PLUGIN] Templates Patterns Collection : v1.1.21 (ThemeIsle)
[30/Mar/2022:23:37:15] (P): Saving remote XML
[30/Mar/2022:23:37:15] (S): Saved remote XML at path D:\Programas\XAMPP\htdocs\wordpress/wp-content/uploads/themeisle-demo-import.xml.
[30/Mar/2022:23:37:15] (P): Starting content import...
[30/Mar/2022:23:37:15] (S): Import started.
[30/Mar/2022:23:37:15] (S): Parsing XML file.
[30/Mar/2022:23:37:15] (P): Starting parsing file:D:\Programas\XAMPP\htdocs\wordpress/wp-content/uploads/themeisle-demo-import.xml
[30/Mar/2022:23:37:15] (P): Using WXR_Parser_SimpleXML...
[30/Mar/2022:23:37:15] (S): Parsed XML
[30/Mar/2022:23:37:15] (P): Processing categories...
[30/Mar/2022:23:37:16] (S): Processed categories.
[30/Mar/2022:23:37:16] (P): Processing tags...
[30/Mar/2022:23:37:16] (S): No tags to process.
[30/Mar/2022:23:37:16] (P): Processing terms...
[30/Mar/2022:23:37:16] (W): Failed to import tcb_symbols_tax Footers
[30/Mar/2022:23:37:16] (E): Taxonomia inválida.
[30/Mar/2022:23:37:16] (W): Failed to import tcb_symbols_tax Headers
[30/Mar/2022:23:37:16] (E): Taxonomia inválida.
[30/Mar/2022:23:37:16] (S): Processed terms.
[30/Mar/2022:23:37:16] (P): Processing posts...
[30/Mar/2022:23:37:16] (P): Processing attachment: https://s33834.pcdn.co/web-agency-gb/wp-content/uploads/sites/422/2020/01/neve-webdesign-GB-01.png...
[30/Mar/2022:23:37:16] (P): Fetching attachment from url: https://s33834.pcdn.co/web-agency-gb/wp-content/uploads/sites/422/2020/01/neve-webdesign-GB-01.png...
[30/Mar/2022:23:37:16] (S): Fetched remote attachment.
[30/Mar/2022:23:37:16] (P): Inserting attachment...
[30/Mar/2022:23:37:16] (S): Attachment inserted
[30/Mar/2022:23:37:16] (S): Processed attachment.
[30/Mar/2022:23:37:16] (P): Processing attachment: https://s33834.pcdn.co/web-agency-gb/wp-content/uploads/sites/422/2020/01/neve-webdesign-GB-03.png...
[30/Mar/2022:23:37:16] (P): Fetching attachment from url: https://s33834.pcdn.co/web-agency-gb/wp-content/uploads/sites/422/2020/01/neve-webdesign-GB-03.png...
[30/Mar/2022:23:37:17] (S): Fetched remote attachment.
[30/Mar/2022:23:37:17] (P): Inserting attachment...
[30/Mar/2022:23:37:17] (S): Attachment inserted
[30/Mar/2022:23:37:17] (S): Processed attachment.
[30/Mar/2022:23:37:17] (P): Processing attachment: https://s33834.pcdn.co/web-agency-gb/wp-content/uploads/sites/422/2020/01/neve-webdesign-GB-04.png...
[30/Mar/2022:23:37:17] (P): Fetching attachment from url: https://s33834.pcdn.co/web-agency-gb/wp-content/uploads/sites/422/2020/01/neve-webdesign-GB-04.png...
[30/Mar/2022:23:37:17] (S): Fetched remote attachment.
[30/Mar/2022:23:37:17] (P): Inserting attachment...
[30/Mar/2022:23:37:17] (S): Attachment inserted
[30/Mar/2022:23:37:17] (S): Processed attachment.
[30/Mar/2022:23:37:17] (P): Processing attachment: https://s33834.pcdn.co/web-agency-gb/wp-content/uploads/sites/422/2020/01/neve-web-design-bg-08.jpg...
[30/Mar/2022:23:37:17] (P): Fetching attachment from url: https://s33834.pcdn.co/web-agency-gb/wp-content/uploads/sites/422/2020/01/neve-web-design-bg-08.jpg...
[30/Mar/2022:23:37:17] (S): Fetched remote attachment.
[30/Mar/2022:23:37:17] (P): Inserting attachment...
[30/Mar/2022:23:37:17] (S): Attachment inserted
[30/Mar/2022:23:37:17] (S): Processed attachment.
[30/Mar/2022:23:37:18] (P): Processing attachment: https://s33834.pcdn.co/web-agency-gb/wp-content/uploads/sites/422/2020/01/neve-web-design-bg-09.jpg...
[30/Mar/2022:23:37:18] (P): Fetching attachment from url: https://s33834.pcdn.co/web-agency-gb/wp-content/uploads/sites/422/2020/01/neve-web-design-bg-09.jpg...
[30/Mar/2022:23:37:18] (S): Fetched remote attachment.
[30/Mar/2022:23:37:18] (P): Inserting attachment...
[30/Mar/2022:23:37:18] (S): Attachment inserted
[30/Mar/2022:23:37:18] (S): Processed attachment.
[30/Mar/2022:23:37:18] (P): Processing attachment: https://s33834.pcdn.co/web-agency-gb/wp-content/uploads/sites/422/2020/01/neve-web-design-bg-10.jpg...
[30/Mar/2022:23:37:18] (P): Fetching attachment from url: https://s33834.pcdn.co/web-agency-gb/wp-content/uploads/sites/422/2020/01/neve-web-design-bg-10.jpg...
[30/Mar/2022:23:37:18] (S): Fetched remote attachment.
[30/Mar/2022:23:37:18] (P): Inserting attachment...
[30/Mar/2022:23:37:18] (S): Attachment inserted
[30/Mar/2022:23:37:18] (S): Processed attachment.
[30/Mar/2022:23:37:18] (P): Processing attachment: https://s33834.pcdn.co/web-agency-gb/wp-content/uploads/sites/422/2020/01/neve-web-design-bg-11.jpg...
[30/Mar/2022:23:37:18] (P): Fetching attachment from url: https://s33834.pcdn.co/web-agency-gb/wp-content/uploads/sites/422/2020/01/neve-web-design-bg-11.jpg...
[30/Mar/2022:23:37:18] (S): Fetched remote attachment.
[30/Mar/2022:23:37:18] (P): Inserting attachment...
[30/Mar/2022:23:37:19] (S): Attachment inserted
[30/Mar/2022:23:37:19] (S): Processed attachment.
[30/Mar/2022:23:37:19] (P): Processing attachment: https://s33834.pcdn.co/web-agency-gb/wp-content/uploads/sites/422/2020/01/neve-web-design-bg-12.jpg...
[30/Mar/2022:23:37:19] (P): Fetching attachment from url: https://s33834.pcdn.co/web-agency-gb/wp-content/uploads/sites/422/2020/01/neve-web-design-bg-12.jpg...
[30/Mar/2022:23:37:19] (S): Fetched remote attachment.
[30/Mar/2022:23:37:19] (P): Inserting attachment...
[30/Mar/2022:23:37:19] (S): Attachment inserted
[30/Mar/2022:23:37:19] (S): Processed attachment.
[30/Mar/2022:23:37:19] (P): Processing attachment: https://s33834.pcdn.co/web-agency-gb/wp-content/uploads/sites/422/2020/01/neve-web-design-bg-13.jpg...
[30/Mar/2022:23:37:19] (P): Fetching attachment from url: https://s33834.pcdn.co/web-agency-gb/wp-content/uploads/sites/422/2020/01/neve-web-design-bg-13.jpg...
[30/Mar/2022:23:37:19] (S): Fetched remote attachment.
[30/Mar/2022:23:37:19] (P): Inserting attachment...
[30/Mar/2022:23:37:19] (S): Attachment inserted
[30/Mar/2022:23:37:19] (S): Processed attachment.
[30/Mar/2022:23:37:19] (P): Processing attachment: https://s33834.pcdn.co/web-agency-gb/wp-content/uploads/sites/422/2020/01/neve-web-design-bg-14.jpg...
[30/Mar/2022:23:37:19] (P): Fetching attachment from url: https://s33834.pcdn.co/web-agency-gb/wp-content/uploads/sites/422/2020/01/neve-web-design-bg-14.jpg...
[30/Mar/2022:23:37:20] (S): Fetched remote attachment.
[30/Mar/2022:23:37:20] (P): Inserting attachment...
[30/Mar/2022:23:37:20] (S): Attachment inserted
[30/Mar/2022:23:37:20] (S): Processed attachment.
[30/Mar/2022:23:37:20] (P): Processing attachment: https://s33834.pcdn.co/web-agency-gb/wp-content/uploads/sites/422/2020/01/neve-web-design-bg-15.jpg...
[30/Mar/2022:23:37:20] (P): Fetching attachment from url: https://s33834.pcdn.co/web-agency-gb/wp-content/uploads/sites/422/2020/01/neve-web-design-bg-15.jpg...
[30/Mar/2022:23:37:20] (S): Fetched remote attachment.
[30/Mar/2022:23:37:20] (P): Inserting attachment...
[30/Mar/2022:23:37:20] (S): Attachment inserted
[30/Mar/2022:23:37:20] (S): Processed attachment.
[30/Mar/2022:23:37:20] (P): Processing attachment: https://s33834.pcdn.co/web-agency-gb/wp-content/uploads/sites/422/2020/06/cropped-web-agency-icon.png...
[30/Mar/2022:23:37:20] (P): Fetching attachment from url: https://s33834.pcdn.co/web-agency-gb/wp-content/uploads/sites/422/2020/06/cropped-web-agency-icon.png...
[30/Mar/2022:23:37:20] (S): Fetched remote attachment.
[30/Mar/2022:23:37:20] (P): Inserting attachment...
[30/Mar/2022:23:37:20] (S): Attachment inserted
[30/Mar/2022:23:37:20] (S): Processed attachment.
[30/Mar/2022:23:37:21] (P): Processing attachment: https://s33834.pcdn.co/web-agency-gb/wp-content/uploads/sites/422/2020/07/web-design-studio-01.jpg.jpg...
[30/Mar/2022:23:37:21] (P): Fetching attachment from url: https://s33834.pcdn.co/web-agency-gb/wp-content/uploads/sites/422/2020/07/web-design-studio-01.jpg.jpg...
[30/Mar/2022:23:37:21] (S): Fetched remote attachment.
[30/Mar/2022:23:37:21] (P): Inserting attachment...
[30/Mar/2022:23:37:21] (S): Attachment inserted
[30/Mar/2022:23:37:21] (S): Processed attachment.
[30/Mar/2022:23:37:21] (P): Processing attachment: https://s33834.pcdn.co/web-agency-gb/wp-content/uploads/sites/422/2020/12/web-agency-logo-3.png...
[30/Mar/2022:23:37:21] (P): Fetching attachment from url: https://s33834.pcdn.co/web-agency-gb/wp-content/uploads/sites/422/2020/12/web-agency-logo-3.png...
[30/Mar/2022:23:37:21] (S): Fetched remote attachment.
[30/Mar/2022:23:37:21] (P): Inserting attachment...
[30/Mar/2022:23:37:21] (S): Attachment inserted
[30/Mar/2022:23:37:21] (S): Processed attachment.
[30/Mar/2022:23:37:21] (P): Processing attachment: https://s33834.pcdn.co/web-agency-gb/wp-content/uploads/sites/422/2020/12/neve-web-design-studio-02.1.jpg...
[30/Mar/2022:23:37:21] (P): Fetching attachment from url: https://s33834.pcdn.co/web-agency-gb/wp-content/uploads/sites/422/2020/12/neve-web-design-studio-02.1.jpg...
[30/Mar/2022:23:37:21] (S): Fetched remote attachment.
[30/Mar/2022:23:37:21] (P): Inserting attachment...
[30/Mar/2022:23:37:21] (S): Attachment inserted
[30/Mar/2022:23:37:22] (S): Processed attachment.
[30/Mar/2022:23:37:22] (P): Processing attachment: https://s33834.pcdn.co/web-agency-gb/wp-content/uploads/sites/422/2020/12/neve-web-design-studio-03.1.jpg...
[30/Mar/2022:23:37:22] (P): Fetching attachment from url: https://s33834.pcdn.co/web-agency-gb/wp-content/uploads/sites/422/2020/12/neve-web-design-studio-03.1.jpg...
[30/Mar/2022:23:37:22] (S): Fetched remote attachment.
[30/Mar/2022:23:37:22] (P): Inserting attachment...
[30/Mar/2022:23:37:22] (S): Attachment inserted
[30/Mar/2022:23:37:22] (S): Processed attachment.
[30/Mar/2022:23:37:22] (P): Processing attachment: https://s33834.pcdn.co/web-agency-gb/wp-content/uploads/sites/422/2020/12/neve-web-design-studio-04.1.jpg...
[30/Mar/2022:23:37:22] (P): Fetching attachment from url: https://s33834.pcdn.co/web-agency-gb/wp-content/uploads/sites/422/2020/12/neve-web-design-studio-04.1.jpg...
[30/Mar/2022:23:37:22] (S): Fetched remote attachment.
[30/Mar/2022:23:37:22] (P): Inserting attachment...
[30/Mar/2022:23:37:22] (S): Attachment inserted
[30/Mar/2022:23:37:22] (S): Processed attachment.
[30/Mar/2022:23:37:22] (P): Processing attachment: https://s33834.pcdn.co/web-agency-gb/wp-content/uploads/sites/422/2020/12/neve-web-design-studio-07.1.png...
[30/Mar/2022:23:37:22] (P): Fetching attachment from url: https://s33834.pcdn.co/web-agency-gb/wp-content/uploads/sites/422/2020/12/neve-web-design-studio-07.1.png...
[30/Mar/2022:23:37:23] (S): Fetched remote attachment.
[30/Mar/2022:23:37:23] (P): Inserting attachment...
[30/Mar/2022:23:37:23] (S): Attachment inserted
[30/Mar/2022:23:37:23] (S): Processed attachment.
[30/Mar/2022:23:37:24] (P): Processing attachment: https://s33834.pcdn.co/web-agency-gb/wp-content/uploads/sites/422/2021/06/phone-sm.png...
[30/Mar/2022:23:37:24] (P): Fetching attachment from url: https://s33834.pcdn.co/web-agency-gb/wp-content/uploads/sites/422/2021/06/phone-sm.png...
[30/Mar/2022:23:37:24] (S): Fetched remote attachment.
[30/Mar/2022:23:37:24] (P): Inserting attachment...
[30/Mar/2022:23:37:24] (S): Attachment inserted
[30/Mar/2022:23:37:24] (S): Processed attachment.
[30/Mar/2022:23:37:24] (P): Processing attachment: https://s33834.pcdn.co/web-agency-gb/wp-content/uploads/sites/422/2021/06/location-sm.png...
[30/Mar/2022:23:37:24] (P): Fetching attachment from url: https://s33834.pcdn.co/web-agency-gb/wp-content/uploads/sites/422/2021/06/location-sm.png...
[30/Mar/2022:23:37:24] (S): Fetched remote attachment.
[30/Mar/2022:23:37:24] (P): Inserting attachment...
[30/Mar/2022:23:37:24] (S): Attachment inserted
[30/Mar/2022:23:37:24] (S): Processed attachment.
[30/Mar/2022:23:37:24] (P): Inserting post: 5 UX Principles for Creating a Great Website .
[30/Mar/2022:23:37:25] (S): Done inserting post: 5 UX Principles for Creating a Great Website .
[30/Mar/2022:23:37:25] (P): Inserting page: News .
[30/Mar/2022:23:37:25] (S): Done inserting page: News .
[30/Mar/2022:23:37:26] (P): Inserting page: Home .
[30/Mar/2022:23:37:26] (S): Done inserting page: Home .
[30/Mar/2022:23:37:27] (P): Processing single menu item ' '...
[30/Mar/2022:23:37:28] (S): Processed single menu item.
[30/Mar/2022:23:37:28] (P): Processing single menu item ' '...
[30/Mar/2022:23:37:29] (S): Processed single menu item.
[30/Mar/2022:23:37:29] (P): Inserting post: Web Design Trends for 2022 .
[30/Mar/2022:23:37:29] (S): Done inserting post: Web Design Trends for 2022 .
[30/Mar/2022:23:37:30] (P): Inserting post: A Simple Guide to Design Thinking .
[30/Mar/2022:23:37:30] (S): Done inserting post: A Simple Guide to Design Thinking .
[30/Mar/2022:23:37:30] (P): Inserting page: About Us .
[30/Mar/2022:23:37:31] (S): Done inserting page: About Us .
[30/Mar/2022:23:37:32] (P): Processing single menu item ' '...
[30/Mar/2022:23:37:33] (S): Processed single menu item.
[30/Mar/2022:23:37:33] (P): Inserting page: Portfolio .
[30/Mar/2022:23:37:33] (S): Done inserting page: Portfolio .
[30/Mar/2022:23:37:34] (P): Inserting page: Portfolio Single .
[30/Mar/2022:23:37:35] (S): Done inserting page: Portfolio Single .
[30/Mar/2022:23:37:36] (P): Processing single menu item ' '...
[30/Mar/2022:23:37:37] (S): Processed single menu item.
[30/Mar/2022:23:37:37] (P): Processing single menu item ' '...
[30/Mar/2022:23:37:38] (S): Processed single menu item.
[30/Mar/2022:23:37:38] (P): Inserting page: Contact Us .
[30/Mar/2022:23:37:38] (S): Done inserting page: Contact Us .
[30/Mar/2022:23:37:39] (P): Processing single menu item ' '...
[30/Mar/2022:23:37:40] (S): Processed single menu item.
[30/Mar/2022:23:37:40] (P): Inserting custom_css: neve .
[30/Mar/2022:23:37:40] (S): Done inserting custom_css: neve .
[30/Mar/2022:23:37:40] (P): Processing attachment: https://s33834.pcdn.co/web-agency-gb/wp-content/uploads/sites/422/2021/06/email-sm.png...
[30/Mar/2022:23:37:40] (P): Fetching attachment from url: https://s33834.pcdn.co/web-agency-gb/wp-content/uploads/sites/422/2021/06/email-sm.png...
[30/Mar/2022:23:37:40] (S): Fetched remote attachment.
[30/Mar/2022:23:37:40] (P): Inserting attachment...
[30/Mar/2022:23:37:40] (S): Attachment inserted
[30/Mar/2022:23:37:40] (S): Processed attachment.
[30/Mar/2022:23:37:40] (P): Inserting post: Best Calligraphy Fonts for Logos .
[30/Mar/2022:23:37:40] (S): Done inserting post: Best Calligraphy Fonts for Logos .
[30/Mar/2022:23:37:41] (P): Inserting post: Knowing Your User. The importance of User Research. .
[30/Mar/2022:23:37:41] (S): Done inserting post: Knowing Your User. The importance of User Research. .
[30/Mar/2022:23:37:41] (P): Inserting post: What is the Progressive Web App (PWA) and how it works? .
[30/Mar/2022:23:37:42] (S): Done inserting post: What is the Progressive Web App (PWA) and how it works? .
[30/Mar/2022:23:37:42] (P): Inserting wp_block: 3 column section .
[30/Mar/2022:23:37:42] (S): Done inserting wp_block: 3 column section .
[30/Mar/2022:23:37:42] (P): Inserting wp_block: Team Social Icons .
[30/Mar/2022:23:37:42] (S): Done inserting wp_block: Team Social Icons .
[30/Mar/2022:23:37:42] (S): Processed posts.
[30/Mar/2022:23:37:43] (P): Cleaning up import with id ...
[30/Mar/2022:23:37:43] (P): Done cleanup. Flushing cache...
[30/Mar/2022:23:37:43] (P): Flushed cache. Removing temporary data..
[30/Mar/2022:23:37:43] (S): Done importing
[30/Mar/2022:23:37:44] (P): Busting elementor cache
[30/Mar/2022:23:37:44] (S): Front page set up with id: 308.
